Arguments: 
  /Users/kkb/.nvm/versions/node/v12.20.2/bin/node /usr/local/bin/yarn install

PATH: 
  /Users/kkb/.nvm/versions/node/v12.20.2/bin:/usr/local/bin:/usr/local/sbin:/usr/local/bin:/usr/bin:/bin:/usr/sbin:/sbin:/Users/kkb/.nvm/versions/node/v12.20.2/bin:/usr/local/sbin

Yarn version: 
  1.22.10

Node version: 
  12.20.2

Platform: 
  darwin x64

Trace: 
  Error: https://github.com/eligrey/FileSaver.js: ETIMEDOUT
      at Timeout._onTimeout (/usr/local/lib/node_modules/yarn/lib/cli.js:141322:19)
      at listOnTimeout (internal/timers.js:554:17)
      at processTimers (internal/timers.js:497:7)

npm manifest: 
  {
    "name": "disease-research",
    "version": "0.1.0",
    "private": true,
    "dependencies": {
      "antd": "^3.15.0",
      "babel-plugin-import": "^1.11.0",
      "customize-cra": "^0.2.12",
      "dayjs": "^1.8.14",
      "html2canvas": "^1.0.0-rc.3",
      "http-proxy-middleware": "^0.19.1",
      "jspdf": "^1.5.3",
      "less": "^3.9.0",
      "less-loader": "^4.1.0",
      "react": "^16.8.4",
      "react-app-rewired": "^2.1.1",
      "react-dom": "^16.8.4",
      "react-scripts": "2.1.8",
      "source-map-explorer": "^1.8.0"
    },
    "scripts": {
      "start": "react-app-rewired start",
      "build": "react-app-rewired build",
      "test": "react-app-rewired test",
      "eject": "react-scripts eject",
      "analyze": "source-map-explorer build/static/js/main.*"
    },
    "eslintConfig": {
      "extends": "react-app"
    },
    "browserslist": [
      ">0.2%",
      "not dead",
      "not ie <= 11",
      "not op_mini all"
    ]
  }

yarn manifest: 
  No manifest

Lockfile: 
  No lockfile
